

  LeroiAir task started at 11:58 on 15 APR 2024



      ######################################################################
      #                                                                    #
      #                 LeroiAir - Version 5.5.1    01 January 2012        #        
      #                 -------------------------------------------        #        
      #                                                                    #
      #      Develped by:  CSIRO Electromagnetic Modelling Group           #
      #                    Art Raiche, Fred Sugeng & Glenn Wilson          #
      #                                                                    #
      #              For:  AMIRA project P223F                             #
      #                                                                    #
      ######################################################################

-------------------------------------------------------------------------------

 25 Hz Tempest: 2 lines over two layers over 2 plates with basement IP & magnetic response

  TDFD =  1   DO3D =  1   PRFL =  1    ISTOP = 0

  ISW =   4   NSX =   1   STEP = 1    UNITS =   3  NCHNL =  15
  KRXW =  1   OFFTYM =   0.000    


         +-------------------------------------------
         +   Airborne System Information
         +   100 Percent Duty Cycle STEP Response
         +   for Rectangular Waveform
         +   B output will be in fT
         +-------------------------------------------


     Peak Current =   1.0 amps.
     Single pulse response to step current turn-off.

         Receiver Window Specifications (ms)
         -----------------------------------

       Window     Open        Close      Width      Centre
       ------     ----        -----      -----      ------
          1       0.007       0.020      0.013       0.013
          2       0.033       0.047      0.014       0.040
          3       0.060       0.073      0.013       0.067
          4       0.087       0.127      0.040       0.107
          5       0.140       0.207      0.067       0.174
          6       0.220       0.340      0.120       0.280
          7       0.353       0.553      0.200       0.453
          8       0.567       0.873      0.306       0.720
          9       0.887       1.353      0.466       1.120
         10       1.367       2.100      0.733       1.734
         11       2.113       3.273      1.160       2.693
         12       3.287       5.113      1.826       4.200
         13       5.127       7.993      2.866       6.560
         14       8.007      12.393      4.386      10.200
         15      12.407      19.993      7.586      16.200

  CMP =  2    KPPM =   0
  Inclination angle of transmitter in level flight =  6.0 degrees (front up)

  Initial Rx offset relative to Tx:   45.0 Below,  106.0 Behind,   0.0 Left


  NSTAT =   2   SURVEY = 3   BAROMTRC = 1   LINE_TAG = 1

        2 transmitter positions along the flight path

     Line   Stat     East       North       Alt      Bearing    Pitch   ZRX    XRX      YRX
     ----   ----     ----       -----       ---      -------    -----   ---    ---      ---

       11     1       225.0       100.0     105.0       0.0      0.1    45.0   106.0     0.0
       11     2       225.0       100.0     105.0       0.0      0.1    45.0   106.0     0.0


  NLAYER =  2;   NPLATE =  1;   NLITH =  3;   GND_LVL =    0.00


                          LITHOLOGY PROPERTIES
                          --------------------

                                  Relative   Relative     Cole-Cole Parameters
        Resistivity  Conductance     MU     Dielectric   CHRG    CTAU       CFREQ

   1      300.0         -1.0       1.000      1.000      0.00    0.00        0.00
   2      1000.         -1.0       1.000      1.000      0.00    0.00        0.00
   3      1.000          1.0       1.000      1.000      0.00    0.00        0.00


  LAYERED EARTH INPUT DATA
  ------------------------

   1   1   25.0   J, LITH(J), THK(J)
   2   2             Basement Lithology


  CELLW =  25.00

  Input Data for Plate  1
  -----------------------
   1   3        50.00        25.00     -30.00   JP, LITH,  YCNTRD, XCNTRD,  PLTOP
      200.0     90.0    90.0    60.0     0.0    PLNGTH, PLWDTH, AZM, DIP, PLG

  The frequency-domain results are directly computed from
     1.000     Hz to   10.00     Hz, using  3 points per decade and from
     10.00     Hz to  0.1000E+07 Hz, using  6 points per decade.

  These are used to construct the frequency-domain spectrum from DC to  0.1000E+07 Hz
  before transformation to the time domain.  The transformed result is folded over
  1 pulses and convolved with the input signal.


        Model Description
        =================

          +----------------------------------+
          +  Layered Earth Model Parameters  +
          +----------------------------------+

 Layer  Thickness  Resistivity
 -----  ---------  -----------
   1       25.0      300.0    
   2                 1000.    


                    +-------------------------------+
                    +    Plate Model Parameters     +
                    +-------------------------------+

                     ____ Plate Reference Point ____                     ______  Angles  ________
                    |                               |                   |                        |
                      Depth      Centre      Centre    Strike    Plate     Dip
             SIG_T     RL         East       North     Length    Width   Azimuth   Dip   Plunge
             -----    -----      ------      ------    ------    -----   -------   ---   ------
  Plate 1:     1.      -30.0       50.0        25.0      200.      90.      90.    60.     0.


  TIME-DOMAIN LeroiAir OUTPUT
  ----------------------------

  The IN-LINE component is defined as the horizontal component along
  the flight path.  It is positive in the forward flight direction.

  The receiver is  45.0 metres below and 106.0 metres behind the transmitter.  


 TITLE:  25 Hz Tempest: 2 lines over two layers over 2 plates with basement IP & magnetic response
 -----

          VERTICAL COMPONENT - fT

         TRANSMITTER POSITION      CHNL 1       CHNL 2       CHNL 3       CHNL 4       CHNL 5       CHNL 6       CHNL 7       CHNL 8       CHNL 9      CHNL 10      CHNL 11      CHNL 12      CHNL 13      CHNL 14      CHNL 15 
         EAST     NORTH    ALT     0.013        0.040        0.067        0.107        0.174        0.280        0.453        0.720        1.120        1.734        2.693        4.200        6.560       10.200       16.200

  1       225       100    105     3.495        1.043       0.5160       0.2655       0.1324       0.6655E-01   0.3305E-01   0.1672E-01   0.8709E-02   0.4570E-02   0.2381E-02   0.1231E-02   0.6338E-03   0.3279E-03   0.1653E-03
  2       225       100    105     3.495        1.043       0.5160       0.2655       0.1324       0.6655E-01   0.3305E-01   0.1672E-01   0.8709E-02   0.4570E-02   0.2381E-02   0.1231E-02   0.6338E-03   0.3279E-03   0.1653E-03
-------------------------------------------------------------------------------------


          IN-LINE COMPONENT - fT

         TRANSMITTER POSITION      CHNL 1       CHNL 2       CHNL 3       CHNL 4       CHNL 5       CHNL 6       CHNL 7       CHNL 8       CHNL 9      CHNL 10      CHNL 11      CHNL 12      CHNL 13      CHNL 14      CHNL 15 
         EAST     NORTH    ALT     0.013        0.040        0.067        0.107        0.174        0.280        0.453        0.720        1.120        1.734        2.693        4.200        6.560       10.200       16.200

  1       225       100    105     1.727       0.3059       0.1242       0.5419E-01   0.2286E-01   0.9832E-02   0.4217E-02   0.1874E-02   0.8734E-03   0.4156E-03   0.1986E-03   0.9513E-04   0.4587E-04   0.2245E-04   0.1078E-04
  2       225       100    105     1.727       0.3059       0.1242       0.5419E-01   0.2286E-01   0.9832E-02   0.4217E-02   0.1874E-02   0.8734E-03   0.4156E-03   0.1986E-03   0.9513E-04   0.4587E-04   0.2245E-04   0.1078E-04
-------------------------------------------------------------------------------------



  LeroiAir model completed at 11:58 on 15 APR 2024

  Computation time =       0.40 seconds.


